[0622/192524:ERROR:process_info.cc(608)] range at 0xfefa8000, size 0x230 fully unreadable
[0622/192524:ERROR:process_info.cc(608)] range at 0xfefaf000, size 0xf84 fully unreadable
[0622/192524:ERROR:process_info.cc(608)] range at 0xfefa7000, size 0xf84 fully unreadable
[0622/192524:ERROR:process_info.cc(608)] range at 0xfee7f000, size 0xf84 fully unreadable
[0622/192524:ERROR:process_info.cc(608)] range at 0xfee7c000, size 0xf84 fully unreadable
[0622/192524:ERROR:process_info.cc(608)] range at 0xfee79000, size 0xf84 fully unreadable
[0622/192524:ERROR:process_info.cc(608)] range at 0xfee76000, size 0xf84 fully unreadable
[0622/192524:ERROR:process_info.cc(608)] range at 0xfee73000, size 0xf84 fully unreadable
[0622/192524:ERROR:process_info.cc(608)] range at 0xfee70000, size 0xf84 fully unreadable
[0622/195545:ERROR:process_info.cc(608)] range at 0xff615000, size 0x230 fully unreadable
[0622/195545:ERROR:process_info.cc(608)] range at 0xff61f000, size 0xf84 fully unreadable
[0622/195545:ERROR:process_info.cc(608)] range at 0xff61c000, size 0xf84 fully unreadable
[0622/195545:ERROR:process_info.cc(608)] range at 0xff4ef000, size 0xf84 fully unreadable
[0622/195545:ERROR:process_info.cc(608)] range at 0xff4ec000, size 0xf84 fully unreadable
[0622/195545:ERROR:process_info.cc(608)] range at 0xff4e9000, size 0xf84 fully unreadable
[0622/195545:ERROR:process_info.cc(608)] range at 0xff4e6000, size 0xf84 fully unreadable
[0622/195545:ERROR:process_info.cc(608)] range at 0xff4e3000, size 0xf84 fully unreadable
[0622/195545:ERROR:process_info.cc(608)] range at 0xff4e0000, size 0xf84 fully unreadable
[0622/200404:ERROR:process_info.cc(608)] range at 0xff69e000, size 0x230 fully unreadable
[0622/200404:ERROR:process_info.cc(608)] range at 0xff69d000, size 0xf84 fully unreadable
[0622/200404:ERROR:process_info.cc(608)] range at 0xff699000, size 0xf84 fully unreadable
[0622/200404:ERROR:process_info.cc(608)] range at 0xff696000, size 0xf84 fully unreadable
[0622/200404:ERROR:process_info.cc(608)] range at 0xff56f000, size 0xf84 fully unreadable
[0622/200404:ERROR:process_info.cc(608)] range at 0xff56c000, size 0xf84 fully unreadable
[0622/200404:ERROR:process_info.cc(608)] range at 0xff569000, size 0xf84 fully unreadable
[0622/200404:ERROR:process_info.cc(608)] range at 0xff566000, size 0xf84 fully unreadable
[0622/200404:ERROR:process_info.cc(608)] range at 0xff563000, size 0xf84 fully unreadable
[0622/200404:ERROR:process_info.cc(608)] range at 0xff560000, size 0xf84 fully unreadable
[0622/200404:ERROR:scoped_process_suspend.cc(38)] NtResumeProcess, ntstatus=-1073741558
[0622/201121:ERROR:process_info.cc(608)] range at 0xfec4f000, size 0x230 fully unreadable
[0622/201121:ERROR:process_info.cc(608)] range at 0xfec4e000, size 0xf84 fully unreadable
[0622/201121:ERROR:process_info.cc(608)] range at 0xfec4a000, size 0xf84 fully unreadable
[0622/201121:ERROR:process_info.cc(608)] range at 0xfec47000, size 0xf84 fully unreadable
[0622/201121:ERROR:process_info.cc(608)] range at 0xfeb1f000, size 0xf84 fully unreadable
[0622/201121:ERROR:process_info.cc(608)] range at 0xfeb1c000, size 0xf84 fully unreadable
[0622/201121:ERROR:process_info.cc(608)] range at 0xfeb19000, size 0xf84 fully unreadable
[0622/201121:ERROR:process_info.cc(608)] range at 0xfeb16000, size 0xf84 fully unreadable
[0622/201121:ERROR:process_info.cc(608)] range at 0xfeb13000, size 0xf84 fully unreadable
[0622/201121:ERROR:process_info.cc(608)] range at 0xfeb10000, size 0xf84 fully unreadable
[0622/201513:ERROR:process_info.cc(330)] VirtualQueryEx: Отказано в доступе. (0x5)
[0622/201513:ERROR:process_info.cc(547)] ReadMemoryInfo failed
[0622/201513:ERROR:process_info.cc(608)] range at 0xffb2f000, size 0x230 fully unreadable
[0622/201513:ERROR:process_info.cc(608)] range at 0x77ab8b40, size 0x24 fully unreadable
[0622/201513:ERROR:process_info.cc(608)] range at 0x779b66b8, size 0x12 fully unreadable
[0622/201513:ERROR:process_info.cc(608)] range at 0x779b66b8, size 0x12 fully unreadable
[0622/201513:ERROR:process_info.cc(608)] range at 0x779b66b8, size 0x12 fully unreadable
[0622/201513:ERROR:process_info.cc(608)] range at 0x77ab6410, size 0x18 fully unreadable
[0622/201513:ERROR:process_info.cc(608)] range at 0x77ab6b6c, size 0x20 fully unreadable
[0622/201513:ERROR:process_reader_win.cc(141)] SuspendThread: Отказано в доступе. (0x5)
[0622/201513:ERROR:exception_snapshot_win.cc(57)] thread ID 9016 not found in process
[0622/201513:WARNING:crash_report_exception_handler.cc(60)] ProcessSnapshotWin::InitializeException failed
[0622/201513:ERROR:scoped_process_suspend.cc(38)] NtResumeProcess, ntstatus=-1073741558
[0622/201704:ERROR:process_info.cc(608)] range at 0xff23b000, size 0x230 fully unreadable
[0622/201704:ERROR:process_reader_win.cc(141)] SuspendThread: Отказано в доступе. (0x5)
[0622/201704:ERROR:exception_snapshot_win.cc(57)] thread ID 8916 not found in process
[0622/201704:WARNING:crash_report_exception_handler.cc(60)] ProcessSnapshotWin::InitializeException failed
[0622/201704:ERROR:scoped_process_suspend.cc(38)] NtResumeProcess, ntstatus=-1073741558
[0622/201704:ERROR:process_info.cc(608)] range at 0xffdfe000, size 0x230 fully unreadable
[0622/201704:ERROR:process_info.cc(608)] range at 0xffdfd000, size 0xf84 fully unreadable
[0622/201704:ERROR:process_info.cc(608)] range at 0xffdfa000, size 0xf84 fully unreadable
[0622/201704:ERROR:process_info.cc(608)] range at 0xffdf7000, size 0xf84 fully unreadable
[0622/201704:ERROR:process_info.cc(608)] range at 0xffccf000, size 0xf84 fully unreadable
[0622/201704:ERROR:process_info.cc(608)] range at 0xffccc000, size 0xf84 fully unreadable
[0622/201704:ERROR:process_info.cc(608)] range at 0xffcc9000, size 0xf84 fully unreadable
[0622/201704:ERROR:process_info.cc(608)] range at 0xffcc6000, size 0xf84 fully unreadable
[0622/201704:ERROR:process_info.cc(608)] range at 0xffcc3000, size 0xf84 fully unreadable
[0622/201704:ERROR:process_info.cc(608)] range at 0xffcc0000, size 0xf84 fully unreadable
